1: 2.332e+02
2: 1.143e+00
3: 1.879e+00
4: 5.174e+00
5: 7.568e+00
6: 2.894e+00
7: 2.861e+00
8: 3.262e+00
9: 2.801e+00
10: 3.227e+00
11: 2.219e+00
12: 2.768e+00
13: 2.774e+00
14: 2.778e+00
15: 2.868e+00
16: 2.782e+00
17: 2.580e+00
18: 2.182e+00
19: 2.693e+00
20: 2.176e+00
21: 2.248e+00
22: 1.903e+00
23: 2.071e+00
24: 1.439e+00
25: 2.548e+00
26: 2.629e+00
27: 2.605e+00
28: 1.926e+00
29: 2.198e+00
30: 2.693e+00
31: 2.198e+00
32: 2.604e+00
33: 2.438e+00
34: 1.974e+00
35: 2.129e+00
36: 1.836e+00
37: 2.414e+00
38: 1.894e+00
39: 2.140e+00
40: 2.421e+00
41: 2.350e+00
42: 2.582e+00
43: 2.230e+00
44: 2.213e+00
45: 4.697e+00
46: 2.977e-01
47: 2.474e+00
48: 3.824e+00
49: 1.051e+00
50: 8.369e-01
51: 4.792e+00
52: 4.811e+00
53: 3.071e+00
54: 3.137e+00
55: 3.709e+00
56: 2.464e+00
57: 3.167e+00
58: 2.955e+00
59: 3.264e+00
60: 3.111e+00
61: 2.905e+00
62: 2.695e+00
63: 3.493e+00
64: 4.852e+00
65: 2.542e+00
66: 3.144e+00
67: 3.348e+00
68: 2.899e+00
69: 6.142e-01
70: 6.355e-01
71: 3.579e+00
72: 4.063e+00
73: 2.628e+00
74: 2.970e+00
75: 3.003e+00
76: 4.196e+00
77: 2.765e+00
78: 3.855e+00
79: 3.326e+00
80: 3.097e+00
81: 3.149e+00
82: 3.149e+00
83: 1.910e+00
84: 3.345e+00
85: 2.711e+00
86: 3.600e+00
87: 3.190e+00
88: 4.053e+00
89: 3.059e+00
90: 3.187e+00
91: 2.623e+00
92: 2.990e+00
93: 2.929e+00
94: 3.151e+00
95: 2.748e+00
96: 3.064e+00
97: 4.582e+00
98: 2.985e+00
99: 3.434e+00
100: 2.854e+00
101: 2.891e+00
102: 4.188e+00
103: 3.536e+00
104: 3.152e+00
105: 3.572e+00
106: 2.707e+00
107: 2.870e+00
108: 3.304e+00
109: 2.437e+00
110: 2.766e+00
111: 2.871e+00
112: 2.789e+00
113: 2.935e+00
114: 2.551e+00
115: 3.025e+00
116: 3.266e+00
117: 3.227e+00
118: 2.680e+00
119: 3.100e+00
120: 2.834e+00
121: 2.769e+00
122: 3.910e+00
123: 4.290e+00
124: 3.086e+00
125: 2.897e+00
126: 2.681e+00
127: 3.316e+00
128: 3.298e+00
129: 3.156e+00
130: 2.905e+00
131: 3.066e+00
132: 2.923e+00
133: 3.252e+00
134: 3.042e+00
135: 3.071e+00
136: 3.566e+00
137: 3.134e+00
138: 3.789e+00
139: 2.399e+00
140: 2.634e+00
141: 3.223e+00
142: 3.302e+00
143: 2.979e+00
144: 3.589e+00
145: 2.443e+00
146: 5.571e+00
147: 2.229e+00
148: 1.249e+00
149: 1.018e+00
150: 7.845e-01
151: 1.269e+00
152: 1.158e+00
153: 1.180e+00
154: 7.672e-01
155: 9.115e-01
156: 1.091e+00
157: 2.916e+00
158: 2.856e+00
159: 2.462e+00
160: 2.583e+00
161: 3.110e+00
162: 2.699e+00
163: 3.760e+00
164: 2.590e+00
165: 4.953e-01
166: 3.347e+00
167: 3.038e+00
168: 3.271e+00
169: 2.772e+00
170: 2.922e+00
171: 2.859e+00
172: 2.665e+00
173: 3.037e+00
174: 2.706e+00
175: 3.116e+00
176: 2.694e+00
177: 2.935e+00
178: 2.889e+00
179: 2.680e+00
180: 3.130e+00
181: 2.872e+00
182: 2.841e+00
183: 2.424e+00
184: 2.921e+00
185: 2.721e+00
186: 2.467e+00
187: 4.554e-01
188: 3.056e+00
189: 9.634e-01
190: 8.798e-01
191: 1.007e+00
192: 1.079e+00
193: 1.064e+00
194: 1.014e+00
195: 1.182e+00
196: 1.152e+00
197: 1.119e+00
198: 1.627e+00
199: 8.456e-01
200: 7.718e-01
201: 1.535e+00
202: 1.173e+00
203: 1.061e+00
204: 9.549e-01
205: 1.057e+00
206: -8.042e-01
207: 1.851e+00
208: 1.264e+00
209: 1.636e+00
210: 8.373e-01
211: 7.302e-01
212: 7.837e-01
213: 6.128e-01
214: 7.224e-01
215: 6.062e-01
216: 7.090e-01
217: 5.146e-01
218: 6.141e-01
219: 5.806e-01
220: 7.824e-01
221: 5.978e-01
222: -2.116e-01
223: 7.872e-01
224: 6.205e-01
225: 7.381e-01
226: 5.485e-01
227: 1.701e+00
228: 9.985e-01
229: 8.182e-01
230: 1.266e+00
231: 9.945e-01
232: 9.721e-01
233: 1.050e+00
234: 8.638e-01
235: 6.970e-01
236: 8.602e-01
237: 9.684e-01
238: 1.070e+00
