1: 1.386e+00
2: 2.078e+00
3: 2.533e+00
4: 2.772e+00
5: 6.144e+02
6: 1.512e+00
7: -3.777e-01
8: 2.253e+00
9: -1.799e-03
10: 5.420e-01
11: 1.447e-01
12: 5.514e-01
13: 3.451e-01
14: 3.008e-01
15: -7.135e-02
16: 5.248e-01
17: 1.520e+00
18: 1.730e+00
19: 1.793e+00
20: 1.714e+00
21: 1.409e+00
22: 1.459e+00
23: 9.776e-01
24: 7.311e-01
25: 6.028e-01
26: 7.401e-01
27: 7.958e-01
28: 8.623e-01
29: 7.056e-01
30: 9.455e-01
31: 6.863e-01
32: 8.786e-01
33: 6.875e-01
34: 4.529e-01
35: 7.824e-01
36: 6.637e-01
37: 7.485e-01
38: 7.354e-01
39: 8.791e-02
40: 6.353e-01
41: 5.631e-01
42: 6.778e-01
43: 5.506e-01
44: 1.302e-01
45: 2.574e+00
46: -3.976e-01
47: 2.983e+00
48: 2.767e+00
49: 2.925e+00
50: 2.493e+00
51: 2.613e+00
52: 2.903e+00
53: 2.406e+00
54: 2.108e+00
55: 2.281e+00
56: 2.565e+00
57: 2.193e+00
58: 2.173e+00
59: 2.298e+00
60: 2.217e+00
61: 1.897e+00
62: 2.198e+00
63: 1.835e+00
64: 2.229e+00
65: 1.938e+00
66: 2.222e+00
67: 2.278e+00
68: 2.376e+00
69: 1.329e+00
70: 1.023e+00
71: 2.186e+00
72: 2.184e+00
73: 2.181e+00
74: 2.178e+00
75: 2.422e+00
76: 2.349e+00
77: 2.530e+00
78: 2.316e+00
79: 2.029e+00
80: 2.205e+00
81: 2.338e+00
82: 2.297e+00
83: 2.150e+00
84: 1.852e+00
85: 2.531e+00
86: 2.210e+00
87: 2.133e+00
88: 2.400e+00
89: 2.328e+00
90: 2.442e+00
91: 2.323e+00
92: 2.197e+00
93: 2.419e+00
94: 2.211e+00
95: 2.227e+00
96: 1.965e+00
97: 2.021e+00
98: 2.129e+00
99: 2.100e+00
100: 2.158e+00
101: 2.228e+00
102: 2.186e+00
103: 2.409e+00
104: 2.116e+00
105: 2.094e+00
106: 1.978e+00
107: 2.021e+00
108: 1.945e+00
109: 2.105e+00
110: 2.203e+00
111: 2.107e+00
112: 2.046e+00
113: 2.061e+00
114: 2.184e+00
115: 2.452e+00
116: 2.331e+00
117: 2.162e+00
118: 2.355e+00
119: 2.474e+00
120: 2.224e+00
121: 2.017e+00
122: 2.832e+00
123: 2.241e+00
124: 2.018e+00
125: 2.389e+00
126: 1.995e+00
127: 2.097e+00
128: 2.178e+00
129: 2.059e+00
130: 2.137e+00
131: 2.253e+00
132: 2.070e+00
133: 1.939e+00
134: 2.366e+00
135: 1.968e+00
136: 2.220e+00
137: 1.950e+00
138: 1.809e+00
139: 2.157e+00
140: 2.402e+00
141: 1.843e+00
142: 2.220e+00
143: 2.459e+00
144: 2.246e+00
145: 2.133e+00
146: 5.653e+00
147: 1.309e+00
148: 1.113e+00
149: 1.193e+00
150: 1.225e+00
151: 1.573e+00
152: 1.514e+00
153: 1.361e+00
154: 1.455e+00
155: 1.397e+00
156: 1.666e+00
157: 1.061e+00
158: 1.370e+00
159: 1.202e+00
160: 1.158e+00
161: 9.916e-01
162: 1.338e+00
163: 1.216e+00
164: 1.174e+00
