1: 4.234e+02
2: 3.615e+01
3: 3.877e+01
4: 3.087e+01
5: 3.110e+01
6: 3.319e+01
7: 2.778e+01
8: 3.158e+01
9: 2.132e+01
10: 2.674e+01
11: 2.541e+01
12: 2.919e+01
13: 2.853e+01
14: 2.257e+01
15: 2.284e+01
16: 2.616e+01
17: 3.259e+01
18: 2.667e+01
19: 2.514e+01
20: 2.677e+01
21: 2.875e+01
22: 3.013e+01
23: 2.922e+01
24: 2.518e+01
25: 2.635e+01
26: 2.965e+01
27: 2.526e+01
28: 2.430e+01
29: 2.549e+01
30: 3.120e+01
31: 2.236e+01
32: 2.699e+01
33: 2.679e+01
34: 3.004e+01
35: 2.423e+01
36: 2.833e+01
37: 1.891e+01
38: 2.863e+01
