1: 1.456e+02
2: 3.421e+00
3: 3.245e+00
4: 2.811e+00
5: 4.660e+00
6: 4.541e+00
7: 3.870e+00
8: 4.356e+00
9: 3.858e+00
10: 4.636e+00
11: 4.344e+00
12: 4.288e+00
13: 4.583e+00
14: 4.208e+00
15: 4.082e+00
16: 4.464e+00
17: 4.176e+00
18: 3.932e+00
19: 4.056e+00
20: 4.074e+00
21: 4.427e+00
22: 4.152e+00
23: 4.078e+00
24: 3.790e+00
25: 4.180e+00
26: 3.930e+00
27: 4.343e+00
28: 3.473e+00
29: 4.133e+00
30: 4.384e+00
31: 3.841e+00
32: 4.124e+00
33: 3.944e+00
34: 4.292e+00
35: 3.929e+00
36: 3.847e+00
37: 3.176e+00
38: 3.784e+00
39: 3.383e+00
40: 3.890e+00
41: 3.747e+00
42: 4.148e+00
43: 4.126e+00
44: 3.557e+00
45: 4.058e+00
46: 3.706e+00
47: 4.010e+00
48: 3.905e+00
49: 3.774e+00
50: 4.248e+00
51: 3.939e+00
52: 4.141e+00
53: 3.686e+00
54: 4.226e+00
55: 3.936e+00
56: 3.057e+00
57: 3.661e+00
58: 3.479e+00
59: 4.164e+00
60: 3.736e+00
61: 4.118e+00
62: 3.979e+00
63: 4.006e+00
64: 3.653e+00
65: 3.816e+00
66: 3.404e+00
67: 3.742e+00
68: 3.653e+00
69: 3.149e+00
70: 3.382e+00
71: 4.064e+00
72: 9.615e+00
73: -1.514e+00
74: 9.676e+00
75: 8.361e+00
76: 7.551e+00
77: 7.936e+00
78: 7.574e+00
79: 7.205e+00
80: 7.586e+00
