1: 1.547e+02
2: 3.248e+00
3: 3.232e+00
4: 3.063e+00
5: 2.953e+00
6: 2.901e+00
7: 2.548e+00
8: 2.876e+00
9: 2.395e+00
10: 2.811e+00
11: 2.563e+00
12: 2.607e+00
13: 2.691e+00
14: 2.576e+00
15: 2.520e+00
16: 2.909e+00
17: 2.730e+00
18: 2.471e+00
19: 2.459e+00
20: 2.431e+00
21: 2.527e+00
22: 2.567e+00
23: 2.680e+00
24: 2.434e+00
25: 2.338e+00
26: 2.629e+00
27: 2.542e+00
28: 1.898e+00
29: 2.458e+00
30: 2.457e+00
31: 2.290e+00
32: 2.489e+00
33: 2.571e+00
34: 2.708e+00
35: 2.082e+00
36: 2.439e+00
37: 1.969e+00
38: 2.452e+00
39: 2.139e+00
40: 2.659e+00
41: 2.423e+00
42: 2.466e+00
43: 2.374e+00
44: 2.315e+00
45: 8.931e+00
46: -3.011e+00
47: 1.553e+01
48: 1.436e+01
49: 1.264e+01
50: 1.298e+01
51: 1.296e+01
52: 1.180e+01
53: 1.185e+01
54: 1.175e+01
55: 1.202e+01
56: 1.060e+01
57: 1.199e+01
58: 1.151e+01
59: 1.208e+01
60: 1.138e+01
61: 1.217e+01
62: 1.126e+01
63: 1.165e+01
64: 1.195e+01
65: 1.142e+01
66: 1.081e+01
67: 1.225e+01
68: 1.203e+01
69: 1.061e+01
70: 1.121e+01
71: 1.157e+01
72: 1.171e+01
73: 1.173e+01
74: 1.233e+01
75: 1.096e+01
76: 1.204e+01
77: 1.112e+01
78: 1.146e+01
79: 1.192e+01
80: 1.137e+01
81: 1.094e+01
82: 1.157e+01
83: 1.170e+01
84: 1.139e+01
85: 1.154e+01
86: 1.208e+01
87: 1.100e+01
88: 1.240e+01
89: 1.215e+01
90: 1.084e+01
91: 1.128e+01
92: 1.173e+01
93: 1.167e+01
94: 1.180e+01
95: 1.113e+01
96: 1.076e+01
97: 1.159e+01
98: 1.126e+01
99: 1.007e+01
100: 1.190e+01
101: 1.156e+01
