1: 0.000e+00
2: 6.791e+02
3: 0.000e+00
4: 0.000e+00
5: 0.000e+00
6: 2.953e+01
7: 0.000e+00
8: 1.548e+00
9: 0.000e+00
10: 0.000e+00
11: 0.000e+00
12: 0.000e+00
13: 0.000e+00
14: 0.000e+00
15: 0.000e+00
16: 0.000e+00
17: 0.000e+00
18: 0.000e+00
19: 0.000e+00
20: 0.000e+00
21: 0.000e+00
22: 0.000e+00
23: 0.000e+00
24: 0.000e+00
25: 0.000e+00
26: 0.000e+00
27: 0.000e+00
28: 0.000e+00
29: 0.000e+00
30: 0.000e+00
31: 0.000e+00
32: 0.000e+00
33: 0.000e+00
34: 0.000e+00
35: 0.000e+00
36: 0.000e+00
37: 0.000e+00
38: 0.000e+00
39: 0.000e+00
40: 0.000e+00
41: 0.000e+00
42: 0.000e+00
43: 0.000e+00
44: 0.000e+00
45: 0.000e+00
46: 1.865e+01
47: 0.000e+00
48: 0.000e+00
49: 8.915e+00
50: 0.000e+00
51: 0.000e+00
52: 0.000e+00
53: 0.000e+00
54: 0.000e+00
55: 0.000e+00
56: 0.000e+00
57: 0.000e+00
58: 0.000e+00
59: 0.000e+00
60: 0.000e+00
61: 0.000e+00
62: 0.000e+00
63: 0.000e+00
64: 0.000e+00
65: 0.000e+00
66: 0.000e+00
67: 0.000e+00
