1: 1.009e+02
2: -1.226e-01
3: 1.785e+00
4: 1.558e+00
5: 4.374e+00
6: 8.130e-01
7: 3.926e+00
8: 1.118e+00
9: 1.639e+00
10: 1.279e+00
11: 1.240e+00
12: 1.110e+00
13: 1.658e+00
14: 4.695e-01
15: 8.804e-01
16: 1.243e+00
17: 6.234e-01
18: 4.030e-01
19: 3.377e+00
20: 3.589e+00
21: 3.291e+00
22: 3.101e+00
23: 3.178e+00
24: 3.736e+00
25: 2.978e+00
26: 2.832e+00
27: 3.324e+00
28: 3.610e+00
29: 3.353e+00
30: 3.657e+00
31: 3.483e+00
32: 2.664e+00
33: 3.329e+00
34: 3.327e+00
35: 3.080e+00
36: 3.036e+00
37: 3.640e+00
38: 2.721e+00
39: 3.670e+00
40: 3.347e+00
41: 3.265e+00
42: 3.321e+00
43: 3.131e+00
44: 3.060e+00
45: 4.585e+00
46: 1.078e+00
47: 8.279e-01
48: 3.799e+00
49: 1.374e+00
50: 1.202e+00
51: 1.354e+00
52: 1.133e+00
53: 1.465e+00
54: 1.852e+00
55: 1.003e+00
56: 1.039e+00
57: 1.051e+00
58: 1.630e+00
59: 9.083e-01
60: 1.634e+00
61: 1.112e+00
62: 7.107e-01
63: 9.711e-01
64: 1.397e+00
65: 1.216e+00
66: 9.869e-01
67: 1.065e+00
